<?xml version="1.0" encoding="UTF-8"?>
<!-- Generated by org.testng.reporters.JUnitXMLReporter -->
<testsuite ignored="0" hostname="Anahita" failures="0" tests="9" name="Default test" time="17.488" errors="0" timestamp="2024-01-02T02:38:35 NZDT">
  <testcase classname="api.test.DDTests" name="testPostUser" time="3.563"/>
  <testcase classname="api.test.DDTests" name="testPostUser" time="1.533"/>
  <testcase classname="api.test.DDTests" name="testPostUser" time="1.422"/>
  <testcase classname="api.test.DDTests" name="testGetUser" time="1.565"/>
  <testcase classname="api.test.DDTests" name="testGetUser" time="1.226"/>
  <testcase classname="api.test.DDTests" name="testGetUser" time="1.529"/>
  <testcase classname="api.test.DDTests" name="testDeleteUser" time="1.352"/>
  <testcase classname="api.test.DDTests" name="testDeleteUser" time="2.316"/>
  <testcase classname="api.test.DDTests" name="testDeleteUser" time="1.322"/>
</testsuite> <!-- Default test -->
