<?xml version="1.0" encoding="UTF-8"?>
<testng-results ignored="0" total="4" passed="4" failed="0" skipped="0">
  <reporter-output>
  </reporter-output>
  <suite started-at="2024-01-04T18:46:07 NZDT" name="PetSuite" finished-at="2024-01-04T18:46:15 NZDT" duration-ms="7978">
    <groups>
    </groups>
    <test started-at="2024-01-04T18:46:07 NZDT" name="PetTest" finished-at="2024-01-04T18:46:15 NZDT" duration-ms="7978">
      <class name="api.test.UserTests2">
        <test-method is-config="true" signature="setupData()[pri:0, instance:api.test.UserTests2@351d00c0]" started-at="2024-01-04T18:46:07 NZDT" name="setupData" finished-at="2024-01-04T18:46:08 NZDT" duration-ms="870" status="PASS">
          <reporter-output>
          </reporter-output>
        </test-method> <!-- setupData -->
        <test-method signature="testPostUser()[pri:1, instance:api.test.UserTests2@351d00c0]" started-at="2024-01-04T18:46:08 NZDT" name="testPostUser" finished-at="2024-01-04T18:46:11 NZDT" duration-ms="2768" status="PASS">
          <reporter-output>
          </reporter-output>
        </test-method> <!-- testPostUser -->
        <test-method signature="testGetUserbyName()[pri:2, instance:api.test.UserTests2@351d00c0]" started-at="2024-01-04T18:46:11 NZDT" name="testGetUserbyName" finished-at="2024-01-04T18:46:12 NZDT" duration-ms="1010" status="PASS">
          <reporter-output>
          </reporter-output>
        </test-method> <!-- testGetUserbyName -->
        <test-method signature="testUpdateUserbyName()[pri:3, instance:api.test.UserTests2@351d00c0]" started-at="2024-01-04T18:46:12 NZDT" name="testUpdateUserbyName" finished-at="2024-01-04T18:46:14 NZDT" duration-ms="1956" status="PASS">
          <reporter-output>
          </reporter-output>
        </test-method> <!-- testUpdateUserbyName -->
        <test-method signature="testDeleteUserByName()[pri:4, instance:api.test.UserTests2@351d00c0]" started-at="2024-01-04T18:46:14 NZDT" name="testDeleteUserByName" finished-at="2024-01-04T18:46:15 NZDT" duration-ms="1010" status="PASS">
          <reporter-output>
          </reporter-output>
        </test-method> <!-- testDeleteUserByName -->
      </class> <!-- api.test.UserTests2 -->
    </test> <!-- PetTest -->
  </suite> <!-- PetSuite -->
</testng-results>
