<?xml version="1.0" encoding="UTF-8"?>
<!-- Generated by org.testng.reporters.JUnitXMLReporter -->
<testsuite ignored="0" hostname="Anahita" failures="0" tests="4" name="PetTest" time="8.46" errors="0" timestamp="2024-01-03T13:49:19 NZDT">
  <testcase classname="api.test.UserTests2" name="testPostUser" time="2.646"/>
  <testcase classname="api.test.UserTests2" name="testGetUserbyName" time="1.28"/>
  <testcase classname="api.test.UserTests2" name="testUpdateUserbyName" time="2.451"/>
  <testcase classname="api.test.UserTests2" name="testDeleteUserByName" time="1.225"/>
</testsuite> <!-- PetTest -->
