<?xml version="1.0" encoding="UTF-8"?>
<!-- Generated by org.testng.reporters.JUnitXMLReporter -->
<testsuite ignored="0" hostname="Anahita" failures="0" tests="4" name="PetTest" time="7.3" errors="0" timestamp="2024-01-04T00:14:17 NZDT">
  <testcase classname="api.test.UserTests2" name="testPostUser" time="2.428"/>
  <testcase classname="api.test.UserTests2" name="testGetUserbyName" time="1.021"/>
  <testcase classname="api.test.UserTests2" name="testUpdateUserbyName" time="1.978"/>
  <testcase classname="api.test.UserTests2" name="testDeleteUserByName" time="0.987"/>
</testsuite> <!-- PetTest -->
