<?xml version="1.0" encoding="UTF-8"?>
<!-- Generated by org.testng.reporters.JUnitXMLReporter -->
<testsuite ignored="0" hostname="Anahita" failures="0" tests="4" name="PetTest" time="7.795" errors="0" timestamp="2024-01-03T01:04:07 NZDT">
  <testcase classname="api.test.UserTests2" name="testPostUser" time="2.684"/>
  <testcase classname="api.test.UserTests2" name="testGetUserbyName" time="0.991"/>
  <testcase classname="api.test.UserTests2" name="testUpdateUserbyName" time="1.985"/>
  <testcase classname="api.test.UserTests2" name="testDeleteUserByName" time="0.972"/>
</testsuite> <!-- PetTest -->
